[0m09:18:13.770735 [debug] [MainThread]: Sending event: {'category': 'dbt', 'action': 'invocation', 'label': 'start', 'context': [<snowplow_tracker.self_describing_json.SelfDescribingJson object at 0x10560de80>, <snowplow_tracker.self_describing_json.SelfDescribingJson object at 0x107c9f890>, <snowplow_tracker.self_describing_json.SelfDescribingJson object at 0x107c9f390>]}


============================== 09:18:13.773312 | 7d65bb9d-e247-474a-8c48-be95881d2d6f ==============================
[0m09:18:13.773312 [info ] [MainThread]: Running with dbt=1.7.9
[0m09:18:13.773609 [debug] [MainThread]: running dbt with arguments {'printer_width': '80', 'indirect_selection': 'eager', 'log_cache_events': 'False', 'write_json': 'True', 'partial_parse': 'True', 'cache_selected_only': 'False', 'profiles_dir': '/Users/anavekua/.dbt', 'debug': 'False', 'fail_fast': 'False', 'log_path': 'logs', 'warn_error': 'None', 'version_check': 'True', 'use_colors': 'True', 'use_experimental_parser': 'False', 'no_print': 'None', 'quiet': 'False', 'log_format': 'default', 'static_parser': 'True', 'introspect': 'True', 'warn_error_options': 'WarnErrorOptions(include=[], exclude=[])', 'target_path': 'None', 'invocation_command': 'dbt init', 'send_anonymous_usage_stats': 'True'}
[0m09:18:26.370126 [debug] [MainThread]: Starter project path: /Users/anavekua/dbt/my-dbt-env/lib/python3.13/site-packages/dbt/include/starter_project
[0m09:18:26.383074 [info ] [MainThread]: 
Your new dbt project "dbt_demo" was created!

For more information on how to configure the profiles.yml file,
please consult the dbt documentation here:

  https://docs.getdbt.com/docs/configure-your-profile

One more thing:

Need help? Don't hesitate to reach out to us via GitHub issues or on Slack:

  https://community.getdbt.com/

Happy modeling!

[0m09:18:26.384301 [info ] [MainThread]: Setting up your profile.
[0m09:19:06.808335 [debug] [MainThread]: Sending event: {'category': 'dbt', 'action': 'invocation', 'label': 'end', 'context': [<snowplow_tracker.self_describing_json.SelfDescribingJson object at 0x107f9b6f0>, <snowplow_tracker.self_describing_json.SelfDescribingJson object at 0x1111985f0>, <snowplow_tracker.self_describing_json.SelfDescribingJson object at 0x11119c050>]}
[0m09:19:06.808667 [debug] [MainThread]: Flushing usage events
[0m10:20:37.993510 [debug] [MainThread]: Sending event: {'category': 'dbt', 'action': 'invocation', 'label': 'start', 'context': [<snowplow_tracker.self_describing_json.SelfDescribingJson object at 0x1070e5010>, <snowplow_tracker.self_describing_json.SelfDescribingJson object at 0x11200b750>, <snowplow_tracker.self_describing_json.SelfDescribingJson object at 0x11200b9d0>]}


============================== 10:20:37.995736 | b263626c-f28d-41ad-9581-416f2fa65b1e ==============================
[0m10:20:37.995736 [info ] [MainThread]: Running with dbt=1.7.9
[0m10:20:37.996030 [debug] [MainThread]: running dbt with arguments {'printer_width': '80', 'indirect_selection': 'eager', 'log_cache_events': 'False', 'write_json': 'True', 'partial_parse': 'True', 'cache_selected_only': 'False', 'warn_error': 'None', 'fail_fast': 'False', 'debug': 'False', 'log_path': 'logs', 'profiles_dir': '/Users/anavekua/.dbt', 'version_check': 'True', 'use_colors': 'True', 'use_experimental_parser': 'False', 'no_print': 'None', 'quiet': 'False', 'warn_error_options': 'WarnErrorOptions(include=[], exclude=[])', 'introspect': 'True', 'static_parser': 'True', 'invocation_command': 'dbt debug', 'target_path': 'None', 'log_format': 'default', 'send_anonymous_usage_stats': 'True'}
[0m10:20:37.996321 [info ] [MainThread]: dbt version: 1.7.9
[0m10:20:37.996473 [info ] [MainThread]: python version: 3.13.2
[0m10:20:37.996598 [info ] [MainThread]: python path: /Users/anavekua/dbt/my-dbt-env/bin/python3.13
[0m10:20:37.996721 [info ] [MainThread]: os info: macOS-14.5-arm64-arm-64bit-Mach-O
[0m10:20:38.052989 [info ] [MainThread]: Using profiles dir at /Users/anavekua/.dbt
[0m10:20:38.053215 [info ] [MainThread]: Using profiles.yml file at /Users/anavekua/.dbt/profiles.yml
[0m10:20:38.053375 [info ] [MainThread]: Using dbt_project.yml file at /Users/anavekua/dbt/dbt_project.yml
[0m10:20:38.053715 [info ] [MainThread]: adapter type: mysql
[0m10:20:38.053855 [info ] [MainThread]: adapter version: 1.7.0
[0m10:20:38.053994 [info ] [MainThread]: Configuration:
[0m10:20:38.054120 [info ] [MainThread]:   profiles.yml file [[32mOK found and valid[0m]
[0m10:20:38.054245 [info ] [MainThread]:   dbt_project.yml file [[31mERROR not found[0m]
[0m10:20:38.054364 [info ] [MainThread]: Required dependencies:
[0m10:20:38.054530 [debug] [MainThread]: Executing "git --help"
[0m10:20:38.067748 [debug] [MainThread]: STDOUT: "b"usage: git [-v | --version] [-h | --help] [-C <path>] [-c <name>=<value>]\n           [--exec-path[=<path>]] [--html-path] [--man-path] [--info-path]\n           [-p | --paginate | -P | --no-pager] [--no-replace-objects] [--no-lazy-fetch]\n           [--no-optional-locks] [--no-advice] [--bare] [--git-dir=<path>]\n           [--work-tree=<path>] [--namespace=<name>] [--config-env=<name>=<envvar>]\n           <command> [<args>]\n\nThese are common Git commands used in various situations:\n\nstart a working area (see also: git help tutorial)\n   clone      Clone a repository into a new directory\n   init       Create an empty Git repository or reinitialize an existing one\n\nwork on the current change (see also: git help everyday)\n   add        Add file contents to the index\n   mv         Move or rename a file, a directory, or a symlink\n   restore    Restore working tree files\n   rm         Remove files from the working tree and from the index\n\nexamine the history and state (see also: git help revisions)\n   bisect     Use binary search to find the commit that introduced a bug\n   diff       Show changes between commits, commit and working tree, etc\n   grep       Print lines matching a pattern\n   log        Show commit logs\n   show       Show various types of objects\n   status     Show the working tree status\n\ngrow, mark and tweak your common history\n   backfill   Download missing objects in a partial clone\n   branch     List, create, or delete branches\n   commit     Record changes to the repository\n   merge      Join two or more development histories together\n   rebase     Reapply commits on top of another base tip\n   reset      Reset current HEAD to the specified state\n   switch     Switch branches\n   tag        Create, list, delete or verify a tag object signed with GPG\n\ncollaborate (see also: git help workflows)\n   fetch      Download objects and refs from another repository\n   pull       Fetch from and integrate with another repository or a local branch\n   push       Update remote refs along with associated objects\n\n'git help -a' and 'git help -g' list available subcommands and some\nconcept guides. See 'git help <command>' or 'git help <concept>'\nto read about a specific subcommand or concept.\nSee 'git help git' for an overview of the system.\n""
[0m10:20:38.068137 [debug] [MainThread]: STDERR: "b''"
[0m10:20:38.068287 [info ] [MainThread]:  - git [[32mOK found[0m]

[0m10:20:38.068425 [info ] [MainThread]: Connection:
[0m10:20:38.068565 [info ] [MainThread]:   server: localhost
[0m10:20:38.068684 [info ] [MainThread]:   unix_socket: None
[0m10:20:38.068796 [info ] [MainThread]:   port: 3306
[0m10:20:38.068923 [info ] [MainThread]:   database: None
[0m10:20:38.069034 [info ] [MainThread]:   schema: my_dbt_db
[0m10:20:38.069144 [info ] [MainThread]:   user: root
[0m10:20:38.069329 [info ] [MainThread]: Registered adapter: mysql=1.7.0
[0m10:20:38.072478 [debug] [MainThread]: Acquiring new mysql connection 'debug'
[0m10:20:38.072898 [debug] [MainThread]: Using mysql connection "debug"
[0m10:20:38.073068 [debug] [MainThread]: On debug: select 1 as id
[0m10:20:38.073217 [debug] [MainThread]: Opening a new connection, currently in state init
[0m10:20:38.119828 [debug] [MainThread]: SQL status: SUCCESS 1 in 0.0 seconds
[0m10:20:38.120623 [debug] [MainThread]: On debug: Close
[0m10:20:38.121031 [info ] [MainThread]:   Connection test: [[32mOK connection ok[0m]

[0m10:20:38.121208 [info ] [MainThread]: [31m1 check failed:[0m
[0m10:20:38.121339 [info ] [MainThread]: Project loading failed for the following reason:
 project path </Users/anavekua/dbt/dbt_project.yml> not found

[0m10:20:38.122881 [debug] [MainThread]: Resource report: {"command_name": "debug", "command_wall_clock_time": 0.15298972, "process_user_time": 0.833808, "process_kernel_time": 0.095169, "process_mem_max_rss": "114900992", "command_success": false, "process_in_blocks": "0", "process_out_blocks": "0"}
[0m10:20:38.123148 [debug] [MainThread]: Command `dbt debug` failed at 10:20:38.123079 after 0.15 seconds
[0m10:20:38.123328 [debug] [MainThread]: Connection 'debug' was properly closed.
[0m10:20:38.123515 [debug] [MainThread]: Sending event: {'category': 'dbt', 'action': 'invocation', 'label': 'end', 'context': [<snowplow_tracker.self_describing_json.SelfDescribingJson object at 0x1121e9480>, <snowplow_tracker.self_describing_json.SelfDescribingJson object at 0x1123ac3b0>, <snowplow_tracker.self_describing_json.SelfDescribingJson object at 0x1121e5bf0>]}
[0m10:20:38.123709 [debug] [MainThread]: Flushing usage events
